<?xml version="1.0" encoding="UTF-8"?>
<!-- Generated by org.testng.reporters.JUnitReportReporter -->
<testsuite skipped="0" hostname="MacBook-Air-Ilia.local" name="testi_Sele_testNG.testi_Sele_testNG" tests="1" failures="0" timestamp="25 апр 2017 18:07:46 GMT" time="14.957" errors="0">
  <testcase name="main" time="14.957" classname="testi_Sele_testNG.testi_Sele_testNG"/>
</testsuite> <!-- testi_Sele_testNG.testi_Sele_testNG -->
