<?xml version="1.0" encoding="UTF-8"?>
<!-- Generated by org.testng.reporters.JUnitReportReporter -->
<testsuite skipped="0" hostname="MacBook-Air-Ilia.local" name="testi_Sele_testNG.testi_Sele_testNG" tests="1" failures="0" timestamp="24 апр 2017 20:39:31 GMT" time="21.539" errors="0">
  <testcase name="main" time="21.539" classname="testi_Sele_testNG.testi_Sele_testNG"/>
</testsuite> <!-- testi_Sele_testNG.testi_Sele_testNG -->
