<?xml version="1.0" encoding="UTF-8"?>
<!-- Generated by org.testng.reporters.JUnitReportReporter -->
<testsuite skipped="0" hostname="MacBook-Air-Ilia.local" name="NewTest.NewTest" tests="1" failures="0" timestamp="23 апр 2017 12:55:47 GMT" time="29.671" errors="0">
  <testcase name="main" time="29.671" classname="NewTest.NewTest"/>
</testsuite> <!-- NewTest.NewTest -->
